<?xml version="1.0" encoding="UTF-8"?>
<!-- Generated by org.testng.reporters.JUnitXMLReporter -->
<testsuite ignored="1" hostname="DESKTOP-7NPKLB4" failures="1" tests="1" name="Default test(failed)" time="1.127" errors="0" timestamp="2022-07-26T21:56:01 IST">
  <testcase classname="testngKeyWords.TimeOutStudy" name="myMethod" time="1.023">
    <failure type="org.testng.internal.thread.ThreadTimeoutException" message="Method testngKeyWords.TimeOutStudy.myMethod() didn&amp;apos;t finish within the time-out 999">
      <![CDATA[org.testng.internal.thread.ThreadTimeoutException: Method testngKeyWords.TimeOutStudy.myMethod() didn't finish within the time-out 999
at java.base/java.util.ArrayList.forEach(ArrayList.java:1541)
... Removed 24 stack frames]]>
    </failure>
  </testcase> <!-- myMethod -->
  <testcase classname="testngKeyWords.TimeOutStudy" name="myMethod1" time="0.0">
    <ignored/>
  </testcase> <!-- myMethod1 -->
</testsuite> <!-- Default test(failed) -->
