<?xml version="1.0" encoding="UTF-8"?>
<!-- Generated by org.testng.reporters.JUnitXMLReporter -->
<testsuite ignored="6" hostname="DESKTOP-7NPKLB4" failures="3" tests="4" name="Test(failed)" time="0.167" errors="0" timestamp="2022-07-27T10:32:45 IST">
  <testcase classname="testXMLstudy.FailXmlStudy4" name="testcase8" time="0.02"/>
  <testcase classname="testXMLstudy.FailXmlStudy4" name="testcase10" time="0.009">
    <failure type="java.lang.AssertionError" message="null">
      <![CDATA[java.lang.AssertionError: null
at testXMLstudy.FailXmlStudy4.testcase10(FailXmlStudy4.java:29)
at java.base/java.util.ArrayList.forEach(ArrayList.java:1541)
... Removed 29 stack frames]]>
    </failure>
  </testcase> <!-- testcase10 -->
  <testcase classname="testXMLstudy.FailXmlStudy3" name="testcase2" time="0.002">
    <failure type="java.lang.AssertionError" message="null">
      <![CDATA[java.lang.AssertionError: null
at testXMLstudy.FailXmlStudy3.testcase2(FailXmlStudy3.java:15)
at java.base/java.util.ArrayList.forEach(ArrayList.java:1541)
... Removed 29 stack frames]]>
    </failure>
  </testcase> <!-- testcase2 -->
  <testcase classname="testXMLstudy.FailXmlStudy3" name="testcase5" time="0.003">
    <failure type="java.lang.AssertionError" message="null">
      <![CDATA[java.lang.AssertionError: null
at testXMLstudy.FailXmlStudy3.testcase5(FailXmlStudy3.java:29)
at java.base/java.util.ArrayList.forEach(ArrayList.java:1541)
... Removed 29 stack frames]]>
    </failure>
  </testcase> <!-- testcase5 -->
  <testcase classname="testXMLstudy.FailXmlStudy3" name="testcase3" time="0.0">
    <ignored/>
  </testcase> <!-- testcase3 -->
  <testcase classname="testXMLstudy.FailXmlStudy3" name="testcase1" time="0.0">
    <ignored/>
  </testcase> <!-- testcase1 -->
  <testcase classname="testXMLstudy.FailXmlStudy3" name="testcase4" time="0.0">
    <ignored/>
  </testcase> <!-- testcase4 -->
  <testcase classname="testXMLstudy.FailXmlStudy4" name="testcase7" time="0.0">
    <ignored/>
  </testcase> <!-- testcase7 -->
  <testcase classname="testXMLstudy.FailXmlStudy4" name="testcase9" time="0.0">
    <ignored/>
  </testcase> <!-- testcase9 -->
  <testcase classname="testXMLstudy.FailXmlStudy4" name="testcase6" time="0.0">
    <ignored/>
  </testcase> <!-- testcase6 -->
</testsuite> <!-- Test(failed) -->
